<?xml version="1.0" encoding="UTF-8"?>
<!-- Generated by org.testng.reporters.JUnitXMLReporter -->
<testsuite ignored="3" hostname="DESKTOP-NVQOVER" failures="0" tests="2" name="UI Test" time="17.754" errors="0" timestamp="17 May 2023 04:13:32 GMT">
  <testcase classname="test.LoginTest" name="validLogin" time="2.623"/>
  <testcase classname="test.LoginTest" name="failedLogin" time="2.638"/>
  <testcase classname="test.LoginTest" name="testWrongUsername" time="0.0">
    <ignored/>
  </testcase> <!-- testWrongUsername -->
  <testcase classname="test.LoginTest" name="testLogin" time="0.0">
    <ignored/>
  </testcase> <!-- testLogin -->
  <testcase classname="test.LoginTest" name="testWrongPassword" time="0.0">
    <ignored/>
  </testcase> <!-- testWrongPassword -->
</testsuite> <!-- UI Test -->
