<?xml version="1.0" encoding="UTF-8"?>
<testsuite name="UI Test"
           tests="2"
           failures="1"
           errors="0"
           skipped="0"
           time="4.106">
    <properties></properties>

            <testcase
                name="validLogin"
                time="0.130"
                classname="test.LoginTest">

            <failure type="java.lang.NullPointerException" message="(null)">
                <![CDATA[java.lang.NullPointerException
                org.openqa.selenium.support.pagefactory.DefaultElementLocator.findElement(DefaultElementLocator.java:70)org.openqa.selenium.support.pagefactory.internal.LocatingElementHandler.invoke(LocatingElementHandler.java:39)com.sun.proxy.$Proxy15.click(Unknown Source)page.BasePage.doClick(BasePage.java:24)page.LoginPage.goToLoginPage(LoginPage.java:46)page.LoginPage.login(LoginPage.java:80)test.LoginTest.validLogin(LoginTest.java:16)java.base/jdk.internal.reflect.NativeMethodAccessorImpl.invoke0(Native Method)java.base/jdk.internal.reflect.NativeMethodAccessorImpl.invoke(NativeMethodAccessorImpl.java:62)java.base/jdk.internal.reflect.DelegatingMethodAccessorImpl.invoke(DelegatingMethodAccessorImpl.java:43)java.base/java.lang.reflect.Method.invoke(Method.java:566)org.testng.internal.MethodInvocationHelper.invokeMethod(MethodInvocationHelper.java:124)org.testng.internal.Invoker.invokeMethod(Invoker.java:583)org.testng.internal.Invoker.invokeTestMethod(Invoker.java:719)org.testng.internal.Invoker.invokeTestMethods(Invoker.java:989)org.testng.internal.TestMethodWorker.invokeTestMethods(TestMethodWorker.java:125)org.testng.internal.TestMethodWorker.run(TestMethodWorker.java:109)java.base/java.util.concurrent.ThreadPoolExecutor.runWorker(ThreadPoolExecutor.java:1128)java.base/java.util.concurrent.ThreadPoolExecutor$Worker.run(ThreadPoolExecutor.java:628)java.base/java.lang.Thread.run(Thread.java:834)
]]>
            </failure>
    </testcase>


            <testcase
                name="failedLogin"
                time="3.976"
                classname="test.LoginTest">
            </testcase>
</testsuite>
